<?xml version="1.0" encoding="UTF-8"?>
<coverage generated="1649246817">
  <project timestamp="1649246817">
    <package name="OliverKlee\FeUserExtraFields\Domain\Model">
      <file name="/home/runner/work/ext-feuserextrafields/ext-feuserextrafields/Classes/Domain/Model/FrontendUser.php">
        <class name="OliverKlee\FeUserExtraFields\Domain\Model\FrontendUser" namespace="OliverKlee\FeUserExtraFields\Domain\Model">
          <metrics complexity="59" methods="56" coveredmethods="55" conditionals="0" coveredconditionals="0" statements="89" coveredstatements="86" elements="145" coveredelements="141"/>
        </class>
        <line num="203" type="method" name="__construct" visibility="public" complexity="1" crap="1" count="68"/>
        <line num="205" type="stmt" count="68"/>
        <line num="206" type="stmt" count="68"/>
        <line num="207" type="stmt" count="68"/>
        <line num="208" type="stmt" count="68"/>
        <line num="209" type="stmt" count="68"/>
        <line num="214" type="method" name="initializeObject" visibility="public" complexity="1" crap="2" count="0"/>
        <line num="216" type="stmt" count="0"/>
        <line num="217" type="stmt" count="0"/>
        <line num="218" type="stmt" count="0"/>
        <line num="220" type="method" name="getUsername" visibility="public" complexity="1" crap="1" count="2"/>
        <line num="222" type="stmt" count="2"/>
        <line num="225" type="method" name="setUsername" visibility="public" complexity="1" crap="1" count="1"/>
        <line num="227" type="stmt" count="1"/>
        <line num="228" type="stmt" count="1"/>
        <line num="230" type="method" name="getPassword" visibility="public" complexity="1" crap="1" count="2"/>
        <line num="232" type="stmt" count="2"/>
        <line num="235" type="method" name="setPassword" visibility="public" complexity="1" crap="1" count="1"/>
        <line num="237" type="stmt" count="1"/>
        <line num="238" type="stmt" count="1"/>
        <line num="246" type="method" name="getUserGroup" visibility="public" complexity="1" crap="1" count="4"/>
        <line num="248" type="stmt" count="4"/>
        <line num="257" type="method" name="setUserGroup" visibility="public" complexity="1" crap="1" count="1"/>
        <line num="259" type="stmt" count="1"/>
        <line num="260" type="stmt" count="1"/>
        <line num="262" type="method" name="addUserGroup" visibility="public" complexity="1" crap="1" count="2"/>
        <line num="264" type="stmt" count="2"/>
        <line num="265" type="stmt" count="2"/>
        <line num="267" type="method" name="removeUserGroup" visibility="public" complexity="1" crap="1" count="1"/>
        <line num="269" type="stmt" count="1"/>
        <line num="270" type="stmt" count="1"/>
        <line num="272" type="method" name="getName" visibility="public" complexity="1" crap="1" count="2"/>
        <line num="274" type="stmt" count="2"/>
        <line num="277" type="method" name="setName" visibility="public" complexity="1" crap="1" count="1"/>
        <line num="279" type="stmt" count="1"/>
        <line num="280" type="stmt" count="1"/>
        <line num="282" type="method" name="getFirstName" visibility="public" complexity="1" crap="1" count="2"/>
        <line num="284" type="stmt" count="2"/>
        <line num="287" type="method" name="setFirstName" visibility="public" complexity="1" crap="1" count="1"/>
        <line num="289" type="stmt" count="1"/>
        <line num="290" type="stmt" count="1"/>
        <line num="292" type="method" name="getMiddleName" visibility="public" complexity="1" crap="1" count="2"/>
        <line num="294" type="stmt" count="2"/>
        <line num="297" type="method" name="setMiddleName" visibility="public" complexity="1" crap="1" count="1"/>
        <line num="299" type="stmt" count="1"/>
        <line num="300" type="stmt" count="1"/>
        <line num="302" type="method" name="getLastName" visibility="public" complexity="1" crap="1" count="2"/>
        <line num="304" type="stmt" count="2"/>
        <line num="307" type="method" name="setLastName" visibility="public" complexity="1" crap="1" count="1"/>
        <line num="309" type="stmt" count="1"/>
        <line num="310" type="stmt" count="1"/>
        <line num="312" type="method" name="getAddress" visibility="public" complexity="1" crap="1" count="2"/>
        <line num="314" type="stmt" count="2"/>
        <line num="317" type="method" name="setAddress" visibility="public" complexity="1" crap="1" count="1"/>
        <line num="319" type="stmt" count="1"/>
        <line num="320" type="stmt" count="1"/>
        <line num="322" type="method" name="getTelephone" visibility="public" complexity="1" crap="1" count="2"/>
        <line num="324" type="stmt" count="2"/>
        <line num="327" type="method" name="setTelephone" visibility="public" complexity="1" crap="1" count="1"/>
        <line num="329" type="stmt" count="1"/>
        <line num="330" type="stmt" count="1"/>
        <line num="332" type="method" name="getFax" visibility="public" complexity="1" crap="1" count="2"/>
        <line num="334" type="stmt" count="2"/>
        <line num="337" type="method" name="setFax" visibility="public" complexity="1" crap="1" count="1"/>
        <line num="339" type="stmt" count="1"/>
        <line num="340" type="stmt" count="1"/>
        <line num="342" type="method" name="getEmail" visibility="public" complexity="1" crap="1" count="2"/>
        <line num="344" type="stmt" count="2"/>
        <line num="347" type="method" name="setEmail" visibility="public" complexity="1" crap="1" count="1"/>
        <line num="349" type="stmt" count="1"/>
        <line num="350" type="stmt" count="1"/>
        <line num="352" type="method" name="getLockToDomain" visibility="public" complexity="1" crap="1" count="2"/>
        <line num="354" type="stmt" count="2"/>
        <line num="357" type="method" name="setLockToDomain" visibility="public" complexity="1" crap="1" count="1"/>
        <line num="359" type="stmt" count="1"/>
        <line num="360" type="stmt" count="1"/>
        <line num="362" type="method" name="getTitle" visibility="public" complexity="1" crap="1" count="2"/>
        <line num="364" type="stmt" count="2"/>
        <line num="367" type="method" name="setTitle" visibility="public" complexity="1" crap="1" count="1"/>
        <line num="369" type="stmt" count="1"/>
        <line num="370" type="stmt" count="1"/>
        <line num="372" type="method" name="getZip" visibility="public" complexity="1" crap="1" count="2"/>
        <line num="374" type="stmt" count="2"/>
        <line num="377" type="method" name="setZip" visibility="public" complexity="1" crap="1" count="1"/>
        <line num="379" type="stmt" count="1"/>
        <line num="380" type="stmt" count="1"/>
        <line num="382" type="method" name="getCity" visibility="public" complexity="1" crap="1" count="2"/>
        <line num="384" type="stmt" count="2"/>
        <line num="387" type="method" name="setCity" visibility="public" complexity="1" crap="1" count="1"/>
        <line num="389" type="stmt" count="1"/>
        <line num="390" type="stmt" count="1"/>
        <line num="392" type="method" name="getCountry" visibility="public" complexity="1" crap="1" count="2"/>
        <line num="394" type="stmt" count="2"/>
        <line num="397" type="method" name="setCountry" visibility="public" complexity="1" crap="1" count="1"/>
        <line num="399" type="stmt" count="1"/>
        <line num="400" type="stmt" count="1"/>
        <line num="402" type="method" name="getWww" visibility="public" complexity="1" crap="1" count="2"/>
        <line num="404" type="stmt" count="2"/>
        <line num="407" type="method" name="setWww" visibility="public" complexity="1" crap="1" count="1"/>
        <line num="409" type="stmt" count="1"/>
        <line num="410" type="stmt" count="1"/>
        <line num="412" type="method" name="getCompany" visibility="public" complexity="1" crap="1" count="2"/>
        <line num="414" type="stmt" count="2"/>
        <line num="417" type="method" name="setCompany" visibility="public" complexity="1" crap="1" count="1"/>
        <line num="419" type="stmt" count="1"/>
        <line num="420" type="stmt" count="1"/>
        <line num="427" type="method" name="getImage" visibility="public" complexity="1" crap="1" count="2"/>
        <line num="429" type="stmt" count="2"/>
        <line num="437" type="method" name="setImage" visibility="public" complexity="1" crap="1" count="1"/>
        <line num="439" type="stmt" count="1"/>
        <line num="440" type="stmt" count="1"/>
        <line num="442" type="method" name="getLastLogin" visibility="public" complexity="2" crap="2" count="2"/>
        <line num="444" type="stmt" count="2"/>
        <line num="447" type="method" name="setLastLogin" visibility="public" complexity="1" crap="1" count="1"/>
        <line num="449" type="stmt" count="1"/>
        <line num="450" type="stmt" count="1"/>
        <line num="452" type="method" name="getZone" visibility="public" complexity="1" crap="1" count="2"/>
        <line num="454" type="stmt" count="2"/>
        <line num="457" type="method" name="setZone" visibility="public" complexity="1" crap="1" count="1"/>
        <line num="459" type="stmt" count="1"/>
        <line num="460" type="stmt" count="1"/>
        <line num="462" type="method" name="isValidGender" visibility="public" complexity="1" crap="1" count="6"/>
        <line num="464" type="stmt" count="6"/>
        <line num="467" type="method" name="getGender" visibility="public" complexity="1" crap="1" count="2"/>
        <line num="469" type="stmt" count="2"/>
        <line num="472" type="method" name="setGender" visibility="public" complexity="1" crap="1" count="1"/>
        <line num="474" type="stmt" count="1"/>
        <line num="475" type="stmt" count="1"/>
        <line num="477" type="method" name="getDateOfBirth" visibility="public" complexity="2" crap="2" count="3"/>
        <line num="479" type="stmt" count="3"/>
        <line num="482" type="method" name="setDateOfBirth" visibility="public" complexity="2" crap="2" count="2"/>
        <line num="484" type="stmt" count="2"/>
        <line num="485" type="stmt" count="2"/>
        <line num="487" type="method" name="isValidStatus" visibility="public" complexity="1" crap="1" count="8"/>
        <line num="489" type="stmt" count="8"/>
        <line num="492" type="method" name="getStatus" visibility="public" complexity="1" crap="1" count="2"/>
        <line num="494" type="stmt" count="2"/>
        <line num="497" type="method" name="setStatus" visibility="public" complexity="1" crap="1" count="1"/>
        <line num="499" type="stmt" count="1"/>
        <line num="500" type="stmt" count="1"/>
        <line num="502" type="method" name="getComments" visibility="public" complexity="1" crap="1" count="2"/>
        <line num="504" type="stmt" count="2"/>
        <line num="507" type="method" name="setComments" visibility="public" complexity="1" crap="1" count="1"/>
        <line num="509" type="stmt" count="1"/>
        <line num="510" type="stmt" count="1"/>
        <metrics loc="511" ncloc="417" classes="1" methods="56" coveredmethods="55" conditionals="0" coveredconditionals="0" statements="89" coveredstatements="86" elements="145" coveredelements="141"/>
      </file>
      <file name="/home/runner/work/ext-feuserextrafields/ext-feuserextrafields/Classes/Domain/Model/FrontendUserGroup.php">
        <class name="OliverKlee\FeUserExtraFields\Domain\Model\FrontendUserGroup" namespace="OliverKlee\FeUserExtraFields\Domain\Model">
          <metrics complexity="12" methods="12" coveredmethods="11" conditionals="0" coveredconditionals="0" statements="21" coveredstatements="19" elements="33" coveredelements="30"/>
        </class>
        <line num="35" type="method" name="__construct" visibility="public" complexity="1" crap="1" count="12"/>
        <line num="37" type="stmt" count="12"/>
        <line num="38" type="stmt" count="12"/>
        <line num="39" type="stmt" count="12"/>
        <line num="44" type="method" name="initializeObject" visibility="public" complexity="1" crap="2" count="0"/>
        <line num="46" type="stmt" count="0"/>
        <line num="47" type="stmt" count="0"/>
        <line num="49" type="method" name="getTitle" visibility="public" complexity="1" crap="1" count="3"/>
        <line num="51" type="stmt" count="3"/>
        <line num="54" type="method" name="setTitle" visibility="public" complexity="1" crap="1" count="12"/>
        <line num="56" type="stmt" count="12"/>
        <line num="57" type="stmt" count="12"/>
        <line num="59" type="method" name="getLockToDomain" visibility="public" complexity="1" crap="1" count="2"/>
        <line num="61" type="stmt" count="2"/>
        <line num="64" type="method" name="setLockToDomain" visibility="public" complexity="1" crap="1" count="1"/>
        <line num="66" type="stmt" count="1"/>
        <line num="67" type="stmt" count="1"/>
        <line num="69" type="method" name="getDescription" visibility="public" complexity="1" crap="1" count="2"/>
        <line num="71" type="stmt" count="2"/>
        <line num="74" type="method" name="setDescription" visibility="public" complexity="1" crap="1" count="1"/>
        <line num="76" type="stmt" count="1"/>
        <line num="77" type="stmt" count="1"/>
        <line num="85" type="method" name="getSubgroup" visibility="public" complexity="1" crap="1" count="4"/>
        <line num="87" type="stmt" count="4"/>
        <line num="96" type="method" name="setSubgroup" visibility="public" complexity="1" crap="1" count="1"/>
        <line num="98" type="stmt" count="1"/>
        <line num="99" type="stmt" count="1"/>
        <line num="101" type="method" name="addSubgroup" visibility="public" complexity="1" crap="1" count="2"/>
        <line num="103" type="stmt" count="2"/>
        <line num="104" type="stmt" count="2"/>
        <line num="106" type="method" name="removeSubgroup" visibility="public" complexity="1" crap="1" count="1"/>
        <line num="108" type="stmt" count="1"/>
        <line num="109" type="stmt" count="1"/>
        <metrics loc="110" ncloc="88" classes="1" methods="12" coveredmethods="11" conditionals="0" coveredconditionals="0" statements="21" coveredstatements="19" elements="33" coveredelements="30"/>
      </file>
    </package>
    <package name="OliverKlee\FeUserExtraFields\Domain\Repository">
      <file name="/home/runner/work/ext-feuserextrafields/ext-feuserextrafields/Classes/Domain/Repository/FrontendUserGroupRepository.php">
        <class name="OliverKlee\FeUserExtraFields\Domain\Repository\FrontendUserGroupRepository" namespace="OliverKlee\FeUserExtraFields\Domain\Repository">
          <metrics complexity="0" methods="0" coveredmethods="0" conditionals="0" coveredconditionals="0" statements="0" coveredstatements="0" elements="0" coveredelements="0"/>
        </class>
        <metrics loc="15" ncloc="13" classes="0" methods="0" coveredmethods="0" conditionals="0" coveredconditionals="0" statements="0" coveredstatements="0" elements="0" coveredelements="0"/>
      </file>
      <file name="/home/runner/work/ext-feuserextrafields/ext-feuserextrafields/Classes/Domain/Repository/FrontendUserRepository.php">
        <class name="OliverKlee\FeUserExtraFields\Domain\Repository\FrontendUserRepository" namespace="OliverKlee\FeUserExtraFields\Domain\Repository">
          <metrics complexity="0" methods="0" coveredmethods="0" conditionals="0" coveredconditionals="0" statements="0" coveredstatements="0" elements="0" coveredelements="0"/>
        </class>
        <metrics loc="15" ncloc="13" classes="0" methods="0" coveredmethods="0" conditionals="0" coveredconditionals="0" statements="0" coveredstatements="0" elements="0" coveredelements="0"/>
      </file>
    </package>
    <metrics files="4" loc="651" ncloc="531" classes="2" methods="68" coveredmethods="66" conditionals="0" coveredconditionals="0" statements="110" coveredstatements="105" elements="178" coveredelements="171"/>
  </project>
</coverage>
