<?xml version="1.0" encoding="UTF-8"?>
<coverage generated="1649343125">
  <project timestamp="1649343125">
    <package name="OliverKlee\FeUserExtraFields\Domain\Model">
      <file name="/home/runner/work/ext-feuserextrafields/ext-feuserextrafields/Classes/Domain/Model/FrontendUser.php">
        <class name="OliverKlee\FeUserExtraFields\Domain\Model\FrontendUser" namespace="OliverKlee\FeUserExtraFields\Domain\Model">
          <metrics complexity="63" methods="60" coveredmethods="59" conditionals="0" coveredconditionals="0" statements="95" coveredstatements="92" elements="155" coveredelements="151"/>
        </class>
        <line num="217" type="method" name="__construct" visibility="public" complexity="1" crap="1" count="72"/>
        <line num="219" type="stmt" count="72"/>
        <line num="220" type="stmt" count="72"/>
        <line num="221" type="stmt" count="72"/>
        <line num="222" type="stmt" count="72"/>
        <line num="223" type="stmt" count="72"/>
        <line num="228" type="method" name="initializeObject" visibility="public" complexity="1" crap="2" count="0"/>
        <line num="230" type="stmt" count="0"/>
        <line num="231" type="stmt" count="0"/>
        <line num="232" type="stmt" count="0"/>
        <line num="234" type="method" name="getUsername" visibility="public" complexity="1" crap="1" count="2"/>
        <line num="236" type="stmt" count="2"/>
        <line num="239" type="method" name="setUsername" visibility="public" complexity="1" crap="1" count="1"/>
        <line num="241" type="stmt" count="1"/>
        <line num="242" type="stmt" count="1"/>
        <line num="244" type="method" name="getPassword" visibility="public" complexity="1" crap="1" count="2"/>
        <line num="246" type="stmt" count="2"/>
        <line num="249" type="method" name="setPassword" visibility="public" complexity="1" crap="1" count="1"/>
        <line num="251" type="stmt" count="1"/>
        <line num="252" type="stmt" count="1"/>
        <line num="260" type="method" name="getUserGroup" visibility="public" complexity="1" crap="1" count="4"/>
        <line num="262" type="stmt" count="4"/>
        <line num="271" type="method" name="setUserGroup" visibility="public" complexity="1" crap="1" count="1"/>
        <line num="273" type="stmt" count="1"/>
        <line num="274" type="stmt" count="1"/>
        <line num="276" type="method" name="addUserGroup" visibility="public" complexity="1" crap="1" count="2"/>
        <line num="278" type="stmt" count="2"/>
        <line num="279" type="stmt" count="2"/>
        <line num="281" type="method" name="removeUserGroup" visibility="public" complexity="1" crap="1" count="1"/>
        <line num="283" type="stmt" count="1"/>
        <line num="284" type="stmt" count="1"/>
        <line num="286" type="method" name="getName" visibility="public" complexity="1" crap="1" count="2"/>
        <line num="288" type="stmt" count="2"/>
        <line num="291" type="method" name="setName" visibility="public" complexity="1" crap="1" count="1"/>
        <line num="293" type="stmt" count="1"/>
        <line num="294" type="stmt" count="1"/>
        <line num="296" type="method" name="getFirstName" visibility="public" complexity="1" crap="1" count="2"/>
        <line num="298" type="stmt" count="2"/>
        <line num="301" type="method" name="setFirstName" visibility="public" complexity="1" crap="1" count="1"/>
        <line num="303" type="stmt" count="1"/>
        <line num="304" type="stmt" count="1"/>
        <line num="306" type="method" name="getMiddleName" visibility="public" complexity="1" crap="1" count="2"/>
        <line num="308" type="stmt" count="2"/>
        <line num="311" type="method" name="setMiddleName" visibility="public" complexity="1" crap="1" count="1"/>
        <line num="313" type="stmt" count="1"/>
        <line num="314" type="stmt" count="1"/>
        <line num="316" type="method" name="getLastName" visibility="public" complexity="1" crap="1" count="2"/>
        <line num="318" type="stmt" count="2"/>
        <line num="321" type="method" name="setLastName" visibility="public" complexity="1" crap="1" count="1"/>
        <line num="323" type="stmt" count="1"/>
        <line num="324" type="stmt" count="1"/>
        <line num="326" type="method" name="getAddress" visibility="public" complexity="1" crap="1" count="2"/>
        <line num="328" type="stmt" count="2"/>
        <line num="331" type="method" name="setAddress" visibility="public" complexity="1" crap="1" count="1"/>
        <line num="333" type="stmt" count="1"/>
        <line num="334" type="stmt" count="1"/>
        <line num="336" type="method" name="getTelephone" visibility="public" complexity="1" crap="1" count="2"/>
        <line num="338" type="stmt" count="2"/>
        <line num="341" type="method" name="setTelephone" visibility="public" complexity="1" crap="1" count="1"/>
        <line num="343" type="stmt" count="1"/>
        <line num="344" type="stmt" count="1"/>
        <line num="346" type="method" name="getFax" visibility="public" complexity="1" crap="1" count="2"/>
        <line num="348" type="stmt" count="2"/>
        <line num="351" type="method" name="setFax" visibility="public" complexity="1" crap="1" count="1"/>
        <line num="353" type="stmt" count="1"/>
        <line num="354" type="stmt" count="1"/>
        <line num="356" type="method" name="getEmail" visibility="public" complexity="1" crap="1" count="2"/>
        <line num="358" type="stmt" count="2"/>
        <line num="361" type="method" name="setEmail" visibility="public" complexity="1" crap="1" count="1"/>
        <line num="363" type="stmt" count="1"/>
        <line num="364" type="stmt" count="1"/>
        <line num="366" type="method" name="getLockToDomain" visibility="public" complexity="1" crap="1" count="2"/>
        <line num="368" type="stmt" count="2"/>
        <line num="371" type="method" name="setLockToDomain" visibility="public" complexity="1" crap="1" count="1"/>
        <line num="373" type="stmt" count="1"/>
        <line num="374" type="stmt" count="1"/>
        <line num="376" type="method" name="getTitle" visibility="public" complexity="1" crap="1" count="2"/>
        <line num="378" type="stmt" count="2"/>
        <line num="381" type="method" name="setTitle" visibility="public" complexity="1" crap="1" count="1"/>
        <line num="383" type="stmt" count="1"/>
        <line num="384" type="stmt" count="1"/>
        <line num="386" type="method" name="getZip" visibility="public" complexity="1" crap="1" count="2"/>
        <line num="388" type="stmt" count="2"/>
        <line num="391" type="method" name="setZip" visibility="public" complexity="1" crap="1" count="1"/>
        <line num="393" type="stmt" count="1"/>
        <line num="394" type="stmt" count="1"/>
        <line num="396" type="method" name="getCity" visibility="public" complexity="1" crap="1" count="2"/>
        <line num="398" type="stmt" count="2"/>
        <line num="401" type="method" name="setCity" visibility="public" complexity="1" crap="1" count="1"/>
        <line num="403" type="stmt" count="1"/>
        <line num="404" type="stmt" count="1"/>
        <line num="406" type="method" name="getCountry" visibility="public" complexity="1" crap="1" count="2"/>
        <line num="408" type="stmt" count="2"/>
        <line num="411" type="method" name="setCountry" visibility="public" complexity="1" crap="1" count="1"/>
        <line num="413" type="stmt" count="1"/>
        <line num="414" type="stmt" count="1"/>
        <line num="416" type="method" name="getWww" visibility="public" complexity="1" crap="1" count="2"/>
        <line num="418" type="stmt" count="2"/>
        <line num="421" type="method" name="setWww" visibility="public" complexity="1" crap="1" count="1"/>
        <line num="423" type="stmt" count="1"/>
        <line num="424" type="stmt" count="1"/>
        <line num="426" type="method" name="getCompany" visibility="public" complexity="1" crap="1" count="2"/>
        <line num="428" type="stmt" count="2"/>
        <line num="431" type="method" name="setCompany" visibility="public" complexity="1" crap="1" count="1"/>
        <line num="433" type="stmt" count="1"/>
        <line num="434" type="stmt" count="1"/>
        <line num="441" type="method" name="getImage" visibility="public" complexity="1" crap="1" count="2"/>
        <line num="443" type="stmt" count="2"/>
        <line num="451" type="method" name="setImage" visibility="public" complexity="1" crap="1" count="1"/>
        <line num="453" type="stmt" count="1"/>
        <line num="454" type="stmt" count="1"/>
        <line num="456" type="method" name="getLastLogin" visibility="public" complexity="2" crap="2" count="2"/>
        <line num="458" type="stmt" count="2"/>
        <line num="461" type="method" name="setLastLogin" visibility="public" complexity="1" crap="1" count="1"/>
        <line num="463" type="stmt" count="1"/>
        <line num="464" type="stmt" count="1"/>
        <line num="466" type="method" name="getZone" visibility="public" complexity="1" crap="1" count="2"/>
        <line num="468" type="stmt" count="2"/>
        <line num="471" type="method" name="setZone" visibility="public" complexity="1" crap="1" count="1"/>
        <line num="473" type="stmt" count="1"/>
        <line num="474" type="stmt" count="1"/>
        <line num="476" type="method" name="getPrivacy" visibility="public" complexity="1" crap="1" count="2"/>
        <line num="478" type="stmt" count="2"/>
        <line num="481" type="method" name="setPrivacy" visibility="public" complexity="1" crap="1" count="1"/>
        <line num="483" type="stmt" count="1"/>
        <line num="484" type="stmt" count="1"/>
        <line num="486" type="method" name="getFullSalutation" visibility="public" complexity="1" crap="1" count="2"/>
        <line num="488" type="stmt" count="2"/>
        <line num="491" type="method" name="setFullSalutation" visibility="public" complexity="1" crap="1" count="1"/>
        <line num="493" type="stmt" count="1"/>
        <line num="494" type="stmt" count="1"/>
        <line num="496" type="method" name="isValidGender" visibility="public" complexity="1" crap="1" count="6"/>
        <line num="498" type="stmt" count="6"/>
        <line num="501" type="method" name="getGender" visibility="public" complexity="1" crap="1" count="2"/>
        <line num="503" type="stmt" count="2"/>
        <line num="506" type="method" name="setGender" visibility="public" complexity="1" crap="1" count="1"/>
        <line num="508" type="stmt" count="1"/>
        <line num="509" type="stmt" count="1"/>
        <line num="511" type="method" name="getDateOfBirth" visibility="public" complexity="2" crap="2" count="3"/>
        <line num="513" type="stmt" count="3"/>
        <line num="516" type="method" name="setDateOfBirth" visibility="public" complexity="2" crap="2" count="2"/>
        <line num="518" type="stmt" count="2"/>
        <line num="519" type="stmt" count="2"/>
        <line num="521" type="method" name="isValidStatus" visibility="public" complexity="1" crap="1" count="8"/>
        <line num="523" type="stmt" count="8"/>
        <line num="526" type="method" name="getStatus" visibility="public" complexity="1" crap="1" count="2"/>
        <line num="528" type="stmt" count="2"/>
        <line num="531" type="method" name="setStatus" visibility="public" complexity="1" crap="1" count="1"/>
        <line num="533" type="stmt" count="1"/>
        <line num="534" type="stmt" count="1"/>
        <line num="536" type="method" name="getComments" visibility="public" complexity="1" crap="1" count="2"/>
        <line num="538" type="stmt" count="2"/>
        <line num="541" type="method" name="setComments" visibility="public" complexity="1" crap="1" count="1"/>
        <line num="543" type="stmt" count="1"/>
        <line num="544" type="stmt" count="1"/>
        <metrics loc="545" ncloc="443" classes="1" methods="60" coveredmethods="59" conditionals="0" coveredconditionals="0" statements="95" coveredstatements="92" elements="155" coveredelements="151"/>
      </file>
      <file name="/home/runner/work/ext-feuserextrafields/ext-feuserextrafields/Classes/Domain/Model/FrontendUserGroup.php">
        <class name="OliverKlee\FeUserExtraFields\Domain\Model\FrontendUserGroup" namespace="OliverKlee\FeUserExtraFields\Domain\Model">
          <metrics complexity="12" methods="12" coveredmethods="11" conditionals="0" coveredconditionals="0" statements="21" coveredstatements="19" elements="33" coveredelements="30"/>
        </class>
        <line num="35" type="method" name="__construct" visibility="public" complexity="1" crap="1" count="12"/>
        <line num="37" type="stmt" count="12"/>
        <line num="38" type="stmt" count="12"/>
        <line num="39" type="stmt" count="12"/>
        <line num="44" type="method" name="initializeObject" visibility="public" complexity="1" crap="2" count="0"/>
        <line num="46" type="stmt" count="0"/>
        <line num="47" type="stmt" count="0"/>
        <line num="49" type="method" name="getTitle" visibility="public" complexity="1" crap="1" count="3"/>
        <line num="51" type="stmt" count="3"/>
        <line num="54" type="method" name="setTitle" visibility="public" complexity="1" crap="1" count="12"/>
        <line num="56" type="stmt" count="12"/>
        <line num="57" type="stmt" count="12"/>
        <line num="59" type="method" name="getLockToDomain" visibility="public" complexity="1" crap="1" count="2"/>
        <line num="61" type="stmt" count="2"/>
        <line num="64" type="method" name="setLockToDomain" visibility="public" complexity="1" crap="1" count="1"/>
        <line num="66" type="stmt" count="1"/>
        <line num="67" type="stmt" count="1"/>
        <line num="69" type="method" name="getDescription" visibility="public" complexity="1" crap="1" count="2"/>
        <line num="71" type="stmt" count="2"/>
        <line num="74" type="method" name="setDescription" visibility="public" complexity="1" crap="1" count="1"/>
        <line num="76" type="stmt" count="1"/>
        <line num="77" type="stmt" count="1"/>
        <line num="85" type="method" name="getSubgroup" visibility="public" complexity="1" crap="1" count="4"/>
        <line num="87" type="stmt" count="4"/>
        <line num="96" type="method" name="setSubgroup" visibility="public" complexity="1" crap="1" count="1"/>
        <line num="98" type="stmt" count="1"/>
        <line num="99" type="stmt" count="1"/>
        <line num="101" type="method" name="addSubgroup" visibility="public" complexity="1" crap="1" count="2"/>
        <line num="103" type="stmt" count="2"/>
        <line num="104" type="stmt" count="2"/>
        <line num="106" type="method" name="removeSubgroup" visibility="public" complexity="1" crap="1" count="1"/>
        <line num="108" type="stmt" count="1"/>
        <line num="109" type="stmt" count="1"/>
        <metrics loc="110" ncloc="88" classes="1" methods="12" coveredmethods="11" conditionals="0" coveredconditionals="0" statements="21" coveredstatements="19" elements="33" coveredelements="30"/>
      </file>
      <file name="/home/runner/work/ext-feuserextrafields/ext-feuserextrafields/Classes/Domain/Model/FrontendUserWithCountry.php">
        <class name="OliverKlee\FeUserExtraFields\Domain\Model\FrontendUserWithCountry" namespace="OliverKlee\FeUserExtraFields\Domain\Model">
          <metrics complexity="2" methods="2" coveredmethods="2" conditionals="0" coveredconditionals="0" statements="3" coveredstatements="3" elements="5" coveredelements="5"/>
        </class>
        <line num="19" type="method" name="getStaticInfoCountry" visibility="public" complexity="1" crap="1" count="2"/>
        <line num="21" type="stmt" count="2"/>
        <line num="24" type="method" name="setStaticInfoCountry" visibility="public" complexity="1" crap="1" count="1"/>
        <line num="26" type="stmt" count="1"/>
        <line num="27" type="stmt" count="1"/>
        <metrics loc="28" ncloc="22" classes="1" methods="2" coveredmethods="2" conditionals="0" coveredconditionals="0" statements="3" coveredstatements="3" elements="5" coveredelements="5"/>
      </file>
    </package>
    <package name="OliverKlee\FeUserExtraFields\Domain\Repository">
      <file name="/home/runner/work/ext-feuserextrafields/ext-feuserextrafields/Classes/Domain/Repository/FrontendUserGroupRepository.php">
        <class name="OliverKlee\FeUserExtraFields\Domain\Repository\FrontendUserGroupRepository" namespace="OliverKlee\FeUserExtraFields\Domain\Repository">
          <metrics complexity="0" methods="0" coveredmethods="0" conditionals="0" coveredconditionals="0" statements="0" coveredstatements="0" elements="0" coveredelements="0"/>
        </class>
        <metrics loc="15" ncloc="13" classes="0" methods="0" coveredmethods="0" conditionals="0" coveredconditionals="0" statements="0" coveredstatements="0" elements="0" coveredelements="0"/>
      </file>
      <file name="/home/runner/work/ext-feuserextrafields/ext-feuserextrafields/Classes/Domain/Repository/FrontendUserRepository.php">
        <class name="OliverKlee\FeUserExtraFields\Domain\Repository\FrontendUserRepository" namespace="OliverKlee\FeUserExtraFields\Domain\Repository">
          <metrics complexity="0" methods="0" coveredmethods="0" conditionals="0" coveredconditionals="0" statements="0" coveredstatements="0" elements="0" coveredelements="0"/>
        </class>
        <metrics loc="15" ncloc="13" classes="0" methods="0" coveredmethods="0" conditionals="0" coveredconditionals="0" statements="0" coveredstatements="0" elements="0" coveredelements="0"/>
      </file>
      <file name="/home/runner/work/ext-feuserextrafields/ext-feuserextrafields/Classes/Domain/Repository/FrontendUserWithCountryRepository.php">
        <class name="OliverKlee\FeUserExtraFields\Domain\Repository\FrontendUserWithCountryRepository" namespace="OliverKlee\FeUserExtraFields\Domain\Repository">
          <metrics complexity="0" methods="0" coveredmethods="0" conditionals="0" coveredconditionals="0" statements="0" coveredstatements="0" elements="0" coveredelements="0"/>
        </class>
        <metrics loc="15" ncloc="13" classes="0" methods="0" coveredmethods="0" conditionals="0" coveredconditionals="0" statements="0" coveredstatements="0" elements="0" coveredelements="0"/>
      </file>
    </package>
    <metrics files="6" loc="728" ncloc="592" classes="3" methods="74" coveredmethods="72" conditionals="0" coveredconditionals="0" statements="119" coveredstatements="114" elements="193" coveredelements="186"/>
  </project>
</coverage>
